* using log directory ‘/Users/Simon-Pierre/nCopula/nCopula.Rcheck’
* using R version 3.4.1 (2017-06-30)
* using platform: x86_64-apple-darwin13.4.0 (64-bit)
* using session charset: UTF-8
* using option ‘--as-cran’
* checking for file ‘nCopula/DESCRIPTION’ ... OK
* checking extension type ... Package
* this is package ‘nCopula’ version ‘0.1.1’
* checking CRAN incoming feasibility ... Note_to_CRAN_maintainers
Maintainer: ‘Simon-Pierre Gadoury <spgadou@me.com>’
* checking package namespace information ... OK
* checking package dependencies ... ERROR
Packages required but not available: ‘copula’ ‘Deriv’ ‘stringr’ ‘stringi’

Packages suggested but not available: ‘knitr’ ‘rmarkdown’

The suggested packages are required for a complete check.
Checking can be attempted without them by setting the environment
variable _R_CHECK_FORCE_SUGGESTS_ to a false value.

See section ‘The DESCRIPTION file’ in the ‘Writing R Extensions’
manual.
* DONE
Status: 1 ERROR
